<?xml version="1.0" encoding="UTF-8"?>
<!-- Generated by org.testng.reporters.JUnitReportReporter -->
<testsuite skipped="0" hostname="DESKTOP-8EGNM3D" name="MavenPractice.Maven.SeleniumTest" tests="2" failures="0" timestamp="2020-07-15T18:14:01 IST" time="0.013" errors="0">
  <testcase name="BrowserAUtomation" time="0.011" classname="MavenPractice.Maven.SeleniumTest"/>
  <system-out/>
  <testcase name="elementsUi" time="0.002" classname="MavenPractice.Maven.SeleniumTest"/>
  <system-out/>
</testsuite> <!-- MavenPractice.Maven.SeleniumTest -->
