<?xml version="1.0" encoding="UTF-8"?>
<!-- Generated by org.testng.reporters.JUnitReportReporter -->
<testsuite skipped="0" hostname="DESKTOP-8EGNM3D" name="MavenPractice.Maven.SeleniumTest" tests="2" failures="0" timestamp="2020-11-12T16:43:21 IST" time="0.008" errors="0">
  <testcase name="elementsUi" time="0.001" classname="MavenPractice.Maven.SeleniumTest"/>
  <system-out/>
  <testcase name="BrowserAUtomation" time="0.007" classname="MavenPractice.Maven.SeleniumTest"/>
  <system-out/>
</testsuite> <!-- MavenPractice.Maven.SeleniumTest -->
