<?xml version="1.0" encoding="UTF-8"?>
<!-- Generated by org.testng.reporters.JUnitReportReporter -->
<testsuite skipped="0" hostname="DESKTOP-8EGNM3D" name="MavenPractice.Maven.TestNGTest" tests="1" failures="0" timestamp="2020-07-15T18:58:26 IST" time="0.004" errors="0">
  <testcase name="twitter" time="0.004" classname="MavenPractice.Maven.TestNGTest"/>
  <system-out/>
</testsuite> <!-- MavenPractice.Maven.TestNGTest -->
